2019-05-30 20:45:13,277 - __main__ - INFO - Started scraping
2019-05-30 20:45:13,277 - __main__ - INFO - Downloading from s3
2019-05-30 20:47:32,549 - __main__ - INFO - Started scraping
2019-05-30 20:47:32,550 - __main__ - INFO - Downloading from s3
2019-05-30 20:49:39,072 - __main__ - INFO - Scraping years:[2000, 2001, 2002, 2003, 2004, 2005, 2006, 2007, 2008, 2009, 2010, 2011, 2012, 2013, 2014, 2015, 2016, 2017, 2018, 2019]
2019-05-30 20:54:17,205 - __main__ - INFO - Loading data back to s3
2019-05-30 20:54:17,206 - __main__ - INFO - Writing 165880 records to my-folder1
2019-05-30 21:25:40,084 - __main__ - INFO - Started scraping
2019-05-30 21:25:40,085 - __main__ - INFO - Downloading from s3
2019-05-30 21:38:29,359 - __main__ - INFO - Started scraping
2019-05-30 21:38:29,360 - __main__ - INFO - Downloading from s3
2019-05-30 21:46:33,456 - __main__ - INFO - Started scraping
2019-05-30 21:46:33,457 - __main__ - INFO - Downloading from s3
2019-05-30 21:46:56,474 - __main__ - INFO - Scraping years:[2000, 2001, 2002, 2003, 2004, 2005, 2006, 2007, 2008, 2009, 2010, 2011, 2012, 2013, 2014, 2015, 2016, 2017, 2018, 2019]
2019-05-30 21:51:53,513 - __main__ - INFO - Started scraping
2019-05-30 21:51:53,513 - __main__ - INFO - Downloading from s3
2019-05-30 21:52:53,517 - __main__ - INFO - Scraping years:[2000, 2001, 2002, 2003, 2004, 2005, 2006, 2007, 2008, 2009, 2010, 2011, 2012, 2013, 2014, 2015, 2016, 2017, 2018, 2019]
2019-05-30 22:07:38,345 - __main__ - INFO - Started scraping
2019-05-30 22:07:38,346 - __main__ - INFO - Downloading from s3
2019-05-30 22:08:45,501 - __main__ - INFO - Scraping years:[2000, 2001, 2002, 2003, 2004, 2005, 2006, 2007, 2008, 2009, 2010, 2011, 2012, 2013, 2014, 2015, 2016, 2017, 2018, 2019]
2019-05-30 22:10:37,211 - __main__ - INFO - Loading data back to s3
2019-05-30 22:10:37,250 - __main__ - INFO - Writing 164692 records to my-folder1
2019-05-30 22:11:51,791 - __main__ - INFO - Writing 3743 records to my-folder2
2019-05-30 22:15:43,510 - __main__ - INFO - Started scraping
2019-05-30 22:15:43,511 - __main__ - INFO - Downloading from s3
2019-05-30 22:15:59,923 - __main__ - INFO - Scraping years:[2000, 2001, 2002, 2003, 2004, 2005, 2006, 2007, 2008, 2009, 2010, 2011, 2012, 2013, 2014, 2015, 2016, 2017, 2018, 2019]
2019-05-30 22:17:43,021 - __main__ - INFO - Loading data back to s3
2019-05-30 22:17:43,056 - __main__ - INFO - Writing 164692 records to afl_data_player.csv
2019-05-30 22:18:10,802 - __main__ - INFO - Writing 3743 records to afl_data_match.csv
2019-05-30 22:20:03,141 - __main__ - INFO - Started scraping
2019-05-30 22:20:03,142 - __main__ - INFO - Downloading from s3
2019-05-30 22:20:22,745 - __main__ - INFO - Started scraping
2019-05-30 22:20:22,746 - __main__ - INFO - Downloading from s3
2019-05-30 22:24:28,705 - __main__ - INFO - Started scraping
2019-05-30 22:24:28,705 - __main__ - INFO - Downloading from s3
2019-05-30 22:24:46,170 - __main__ - INFO - Scraping years:[2000, 2001, 2002, 2003, 2004, 2005, 2006, 2007, 2008, 2009, 2010, 2011, 2012, 2013, 2014, 2015, 2016, 2017, 2018, 2019]
2019-05-30 22:26:29,585 - __main__ - INFO - Loading data back to s3
2019-05-30 22:26:29,629 - __main__ - INFO - Writing 164692 records to afl_data_player.csv
2019-05-30 22:26:52,477 - __main__ - INFO - Writing 3743 records to afl_data_match.csv
2019-05-30 22:41:02,968 - __main__ - INFO - Started scraping
2019-05-30 22:41:02,968 - __main__ - INFO - Downloading from s3
2019-05-30 22:42:13,211 - __main__ - INFO - Scraping years:[2000, 2001, 2002, 2003, 2004, 2005, 2006, 2007, 2008, 2009, 2010, 2011, 2012, 2013, 2014, 2015, 2016, 2017, 2018, 2019]
2019-05-30 22:43:57,696 - __main__ - INFO - Loading data back to s3
2019-05-30 22:43:57,736 - __main__ - INFO - Writing 164692 records to afl_data_player.csv
2019-05-30 22:44:33,202 - __main__ - INFO - Started scraping
2019-05-30 22:44:33,202 - __main__ - INFO - Downloading from s3
2019-05-30 22:52:17,316 - __main__ - INFO - Started scraping
2019-05-30 22:52:17,317 - __main__ - INFO - Downloading from s3
2019-05-30 22:52:37,953 - __main__ - INFO - Scraping years:[2000, 2001, 2002, 2003, 2004, 2005, 2006, 2007, 2008, 2009, 2010, 2011, 2012, 2013, 2014, 2015, 2016, 2017, 2018, 2019]
2019-05-30 22:54:32,648 - __main__ - INFO - Started scraping
2019-05-30 22:54:32,649 - __main__ - INFO - Downloading from s3
2019-05-30 22:54:52,926 - __main__ - INFO - Scraping years:[2000, 2001, 2002, 2003, 2004, 2005, 2006, 2007, 2008, 2009, 2010, 2011, 2012, 2013, 2014, 2015, 2016, 2017, 2018, 2019]
2019-05-30 23:04:21,630 - __main__ - INFO - Loading data back to s3
2019-05-30 23:04:21,666 - __main__ - INFO - Writing 165880 records to afl_data_player.csv
2019-05-30 23:04:46,754 - __main__ - INFO - Writing 3770 records to afl_data_match.csv
2019-05-30 23:06:51,296 - __main__ - INFO - Started scraping
2019-05-30 23:06:51,297 - __main__ - INFO - Downloading from s3
2019-05-30 23:07:11,690 - __main__ - INFO - Scraping years:[2000, 2001, 2002, 2003, 2004, 2005, 2006, 2007, 2008, 2009, 2010, 2011, 2012, 2013, 2014, 2015, 2016, 2017, 2018, 2019]
2019-05-30 23:09:23,160 - __main__ - INFO - Loading data back to s3
2019-05-30 23:09:23,198 - __main__ - INFO - Writing 165880 records to afl_data_player.csv
2019-05-30 23:09:51,410 - __main__ - INFO - Writing 3770 records to afl_data_match.csv
2019-05-31 19:14:59,590 - __main__ - INFO - Started scraping
2019-05-31 19:14:59,593 - __main__ - INFO - Downloading from s3
2019-05-31 19:15:19,860 - __main__ - INFO - Scraping years:[2000, 2001, 2002, 2003, 2004, 2005, 2006, 2007, 2008, 2009, 2010, 2011, 2012, 2013, 2014, 2015, 2016, 2017, 2018, 2019]
2019-05-31 19:17:34,177 - __main__ - INFO - No Data Scraped
